2025-05-19 17:44:30::INFO::***************test valid smartcare login started*******************
2025-05-19 18:54:23::INFO::***************test valid smartcare login started*******************
2025-05-19 18:55:36::INFO::***************test valid smartcare login started*******************
2025-05-19 18:59:24::INFO::***************test valid smartcare login started*******************
2025-05-20 17:33:45::INFO::***************test valid smartcare login started*******************
2025-05-20 17:33:52::INFO::**************test verification title matched********************
2025-05-20 17:40:17::INFO::***************test valid smartcare login started*******************
2025-05-20 17:40:23::INFO::**************test verification title matched********************
2025-05-20 17:41:08::INFO::***************test valid smartcare login started*******************
2025-05-20 17:41:18::INFO::**************test verification title not matched********************
2025-05-22 18:36:00::INFO::******************Test_02_Create_New_Patient_Started*********************
2025-05-22 18:36:11::INFO::***********Login completed *************
2025-05-22 18:36:11::INFO::***********starting add customer test *************
2025-05-22 18:36:19::INFO::***************test valid smartcare login started*******************
2025-05-22 18:36:23::INFO::**************test verification title matched********************
2025-05-22 18:40:07::INFO::******************Test_02_Create_New_Patient_Started*********************
2025-05-22 18:40:12::INFO::***********Login completed *************
2025-05-22 18:40:12::INFO::***********starting add customer test *************
2025-05-22 18:40:26::INFO::***************test valid smartcare login started*******************
2025-05-22 18:40:30::INFO::**************test verification title matched********************
2025-05-22 18:51:04::INFO::******************Test_02_Create_New_Patient_Started*********************
2025-05-22 18:51:16::INFO::***********Login completed *************
2025-05-22 18:51:16::INFO::***********starting add customer test *************
2025-05-22 18:51:42::INFO::***************test valid smartcare login started*******************
2025-05-22 18:51:46::INFO::**************test verification title matched********************
2025-05-22 21:14:05::INFO::******************Test_02_Create_New_Patient_Started*********************
2025-05-22 21:14:11::INFO::***********Login completed *************
2025-05-22 21:14:11::INFO::***********starting add customer test *************
2025-05-22 21:14:45::INFO::***************test valid smartcare login started*******************
2025-05-22 21:14:50::INFO::**************test verification title matched********************
2025-05-22 21:17:42::INFO::******************Test_02_Create_New_Patient_Started*********************
2025-05-22 21:17:48::INFO::***********Login completed *************
2025-05-22 21:17:48::INFO::***********starting add customer test *************
2025-05-22 21:18:14::INFO::***************test valid smartcare login started*******************
2025-05-22 21:18:18::INFO::**************test verification title matched********************
2025-05-23 00:32:29::INFO::******************Test_02_Create_New_Patient_Started*********************
2025-05-23 00:32:37::INFO::***********Login completed *************
2025-05-23 00:32:37::INFO::***********starting add customer test *************
2025-05-23 00:33:18::INFO::***************test valid smartcare login started*******************
2025-05-23 00:33:24::INFO::**************test verification title matched********************
2025-05-23 00:44:13::INFO::******************Test_02_Create_New_Patient_Started*********************
2025-05-23 00:44:19::INFO::***********Login completed *************
2025-05-23 00:44:19::INFO::***********starting add customer test *************
2025-05-23 00:44:32::INFO::***************test valid smartcare login started*******************
2025-05-23 00:44:38::INFO::**************test verification title matched********************
2025-05-23 00:47:46::INFO::******************Test_02_Create_New_Patient_Started*********************
2025-05-23 00:48:18::INFO::***************test valid smartcare login started*******************
2025-05-23 00:48:30::INFO::******************Test_02_Create_New_Patient_Started*********************
2025-05-23 00:48:35::INFO::***********Login completed *************
2025-05-23 00:48:35::INFO::***********starting add customer test *************
2025-05-23 00:48:47::INFO::***************test valid smartcare login started*******************
2025-05-23 00:49:12::INFO::**************test verification title matched********************
2025-05-23 00:52:49::INFO::******************Test_02_Create_New_Patient_Started*********************
2025-05-23 00:52:56::INFO::***********Login completed *************
2025-05-23 00:52:56::INFO::***********starting add customer test *************
2025-05-23 00:53:09::INFO::***************test valid smartcare login started*******************
2025-05-23 00:53:16::INFO::**************test verification title matched********************
2025-05-23 00:57:53::INFO::******************Test_02_Create_New_Patient_Started*********************
2025-05-23 00:57:59::INFO::***********Login completed *************
2025-05-23 00:57:59::INFO::***********starting add customer test *************
2025-05-23 00:58:11::INFO::***************test valid smartcare login started*******************
2025-05-23 00:58:17::INFO::**************test verification title matched********************
2025-05-23 00:59:05::INFO::******************Test_02_Create_New_Patient_Started*********************
2025-05-23 00:59:11::INFO::***********Login completed *************
2025-05-23 00:59:11::INFO::***********starting add customer test *************
2025-05-23 00:59:24::INFO::***************test valid smartcare login started*******************
2025-05-23 00:59:32::INFO::**************test verification title matched********************
2025-05-23 01:06:55::INFO::******************Test_02_Create_New_Patient_Started*********************
2025-05-23 01:07:00::INFO::***********Login completed *************
2025-05-23 01:07:00::INFO::***********starting add customer test *************
2025-05-23 01:07:21::INFO::***************test valid smartcare login started*******************
2025-05-23 01:07:32::INFO::**************test verification title matched********************
2025-05-23 01:07:46::INFO::******************Test_02_Create_New_Patient_Started*********************
2025-05-23 01:07:54::INFO::***********Login completed *************
2025-05-23 01:07:54::INFO::***********starting add customer test *************
2025-05-23 01:08:06::INFO::***************test valid smartcare login started*******************
2025-05-23 01:08:13::INFO::**************test verification title matched********************
2025-05-23 11:28:44::INFO::******************Test_02_Create_New_Patient_Started*********************
2025-05-23 11:28:49::INFO::***********Login completed *************
2025-05-23 11:28:49::INFO::***********starting add customer test *************
2025-05-23 11:29:04::INFO::***************test valid smartcare login started*******************
2025-05-23 11:29:08::INFO::**************test verification title matched********************
2025-05-23 11:55:56::INFO::******************Test_02_Create_New_Patient_Started*********************
2025-05-23 11:56:02::INFO::***********Login completed *************
2025-05-23 11:56:02::INFO::***********starting add customer test *************
2025-05-23 12:01:30::INFO::******************Test_02_Create_New_Patient_Started*********************
2025-05-23 12:01:35::INFO::***********Login completed *************
2025-05-23 12:01:35::INFO::***********starting add customer test *************
2025-05-23 12:06:56::INFO::******************Test_02_Create_New_Patient_Started*********************
2025-05-23 12:07:01::INFO::***********Login completed *************
2025-05-23 12:07:01::INFO::***********starting add customer test *************
2025-05-23 12:08:19::INFO::******************Test_02_Create_New_Patient_Started*********************
2025-05-23 12:08:23::INFO::***********Login completed *************
2025-05-23 12:08:23::INFO::***********starting add customer test *************
2025-05-23 13:04:33::INFO::******************Test_02_Create_New_Patient_Started*********************
2025-05-23 13:04:39::INFO::***********Login completed *************
2025-05-23 13:04:39::INFO::***********starting add customer test *************
2025-05-23 13:06:22::INFO::******************Test_02_Create_New_Patient_Started*********************
2025-05-23 13:06:30::INFO::***********Login completed *************
2025-05-23 13:06:30::INFO::***********starting add customer test *************
2025-05-23 13:26:39::INFO::******************Test_02_Create_New_Patient_Started*********************
2025-05-23 13:26:43::INFO::***********Login completed *************
2025-05-23 13:26:43::INFO::***********starting add customer test *************
2025-05-23 13:29:27::INFO::******************Test_02_Create_New_Patient_Started*********************
2025-05-23 13:30:29::INFO::******************Test_02_Create_New_Patient_Started*********************
2025-05-23 13:32:36::INFO::******************Test_02_Create_New_Patient_Started*********************
2025-05-23 13:32:40::INFO::***********Login completed *************
2025-05-23 13:32:40::INFO::***********starting add customer test *************
2025-05-23 13:50:58::INFO::******************Test_02_Create_New_Patient_Started*********************
2025-05-23 13:51:10::INFO::***********Login completed *************
2025-05-23 13:51:10::INFO::***********starting add customer test *************
2025-05-23 13:57:28::INFO::******************Test_02_Create_New_Patient_Started*********************
2025-05-23 13:57:34::INFO::***********Login completed *************
2025-05-23 13:57:34::INFO::***********starting add customer test *************
2025-05-23 13:59:36::INFO::******************Test_02_Create_New_Patient_Started*********************
2025-05-23 13:59:41::INFO::***********Login completed *************
2025-05-23 13:59:41::INFO::***********starting add customer test *************
2025-05-23 14:42:40::INFO::******************Test_02_Create_New_Patient_Started*********************
2025-05-23 14:42:47::INFO::***********Login completed *************
2025-05-23 14:42:47::INFO::***********starting add customer test *************
2025-05-23 16:45:06::INFO::******************Test_02_Create_New_Patient_Started*********************
2025-05-23 16:45:15::INFO::***********Login completed *************
2025-05-23 16:45:15::INFO::***********starting add customer test *************
2025-05-23 16:45:31::INFO::***************test valid smartcare login started*******************
2025-05-23 16:45:39::INFO::**************test verification title matched********************
2025-05-23 17:04:02::INFO::******************Test_02_Create_New_Patient_Started*********************
2025-05-23 17:04:08::INFO::***********Login completed *************
2025-05-23 17:04:08::INFO::***********starting add customer test *************
2025-05-23 17:06:11::INFO::******************Test_02_Create_New_Patient_Started*********************
2025-05-23 17:06:17::INFO::***********Login completed *************
2025-05-23 17:06:17::INFO::***********starting add customer test *************
2025-05-23 17:13:20::INFO::******************Test_02_Create_New_Patient_Started*********************
2025-05-23 17:13:27::INFO::***********Login completed *************
2025-05-23 17:13:27::INFO::***********starting add customer test *************
2025-05-23 17:13:42::INFO::***************test valid smartcare login started*******************
2025-05-23 17:13:48::INFO::**************test verification title matched********************
2025-05-23 17:16:25::INFO::******************Test_02_Create_New_Patient_Started*********************
2025-05-23 17:16:32::INFO::***********Login completed *************
2025-05-23 17:16:32::INFO::***********starting add customer test *************
2025-05-23 17:17:08::INFO::***************test valid smartcare login started*******************
2025-05-23 17:17:15::INFO::**************test verification title matched********************
2025-05-23 17:18:27::INFO::******************Test_02_Create_New_Patient_Started*********************
2025-05-23 17:18:34::INFO::***********Login completed *************
2025-05-23 17:18:34::INFO::***********starting add customer test *************
2025-05-23 17:19:10::INFO::***************test valid smartcare login started*******************
2025-05-23 17:19:17::INFO::**************test verification title matched********************
2025-05-23 18:19:33::INFO::******************Test_02_Create_New_Patient_Started*********************
2025-05-23 18:19:40::INFO::***********Login completed *************
2025-05-23 18:19:40::INFO::***********starting add customer test *************
2025-05-23 18:20:28::INFO::***************test valid smartcare login started*******************
2025-05-23 18:20:33::INFO::**************test verification title matched********************
2025-05-23 18:22:22::INFO::******************Test_02_Create_New_Patient_Started*********************
2025-05-23 18:22:29::INFO::***********Login completed *************
2025-05-23 18:22:29::INFO::***********starting add customer test *************
2025-05-23 18:23:33::INFO::******************Test_02_Create_New_Patient_Started*********************
2025-05-23 18:23:37::INFO::***********Login completed *************
2025-05-23 18:23:37::INFO::***********starting add customer test *************
2025-05-23 18:24:12::INFO::***************test valid smartcare login started*******************
2025-05-23 18:24:15::INFO::**************test verification title matched********************
2025-05-23 18:30:42::INFO::******************Test_02_Create_New_Patient_Started*********************
2025-05-23 18:30:47::INFO::***********Login completed *************
2025-05-23 18:30:47::INFO::***********starting add customer test *************
2025-05-23 18:33:23::INFO::******************Test_02_Create_New_Patient_Started*********************
2025-05-23 18:33:27::INFO::***********Login completed *************
2025-05-23 18:33:27::INFO::***********starting add customer test *************
2025-05-23 18:34:01::INFO::***************test valid smartcare login started*******************
2025-05-23 18:34:06::INFO::**************test verification title matched********************
2025-05-23 18:35:16::INFO::******************Test_02_Create_New_Patient_Started*********************
2025-05-23 18:35:20::INFO::***********Login completed *************
2025-05-23 18:35:20::INFO::***********starting add customer test *************
2025-05-23 18:35:54::INFO::***************test valid smartcare login started*******************
2025-05-23 18:35:58::INFO::**************test verification title matched********************
2025-05-23 19:15:49::INFO::******************Test_02_Create_New_Patient_Started*********************
2025-05-23 19:15:55::INFO::***********Login completed *************
2025-05-23 19:15:55::INFO::***********starting add customer test *************
2025-05-23 19:16:44::INFO::**************Patient not Created********************
2025-05-23 19:18:56::INFO::******************Test_02_Create_New_Patient_Started*********************
2025-05-23 19:19:05::INFO::***********Login completed *************
2025-05-23 19:19:05::INFO::***********starting add customer test *************
2025-05-23 19:19:38::INFO::**************Patient not Created********************
2025-05-23 19:19:48::INFO::******************Test_02_Create_New_Patient_Started*********************
2025-05-23 19:19:53::INFO::***********Login completed *************
2025-05-23 19:19:53::INFO::***********starting add customer test *************
2025-05-23 19:20:26::INFO::**************Patient not Created********************
2025-05-23 19:20:33::INFO::******************Test_02_Create_New_Patient_Started*********************
2025-05-23 19:20:38::INFO::***********Login completed *************
2025-05-23 19:20:38::INFO::***********starting add customer test *************
2025-05-23 19:21:10::INFO::**************Patient not Created********************
2025-05-23 19:30:03::INFO::******************Test_02_Create_New_Patient_Started*********************
2025-05-23 19:30:19::INFO::***********Login completed *************
2025-05-23 19:30:19::INFO::***********starting add customer test *************
2025-05-24 23:41:18::INFO::******************Test_02_Create_New_Patient_Started*********************
2025-05-24 23:41:26::INFO::***********Login completed *************
2025-05-24 23:41:26::INFO::***********starting add customer test *************
2025-05-24 23:42:17::INFO::***************test valid smartcare login started*******************
2025-05-24 23:42:23::INFO::**************test verification title matched********************
2025-05-25 00:03:53::INFO::******************Test_02_Create_New_Patient_Started*********************
2025-05-25 00:03:59::INFO::***********Login completed *************
2025-05-25 00:03:59::INFO::***********starting add customer test *************
2025-05-25 16:56:36::WARNING::There was an error managing chromedriver (error sending request for url (https://googlechromelabs.github.io/chrome-for-testing/known-good-versions-with-downloads.json)); using driver found in the cache
2025-05-25 16:56:36::WARNING::Error sending stats to Plausible: error sending request for url (https://plausible.io/api/event)
2025-05-25 16:56:39::INFO::******************Test_02_Create_New_Patient_Started*********************
2025-05-25 16:56:43::WARNING::There was an error managing chromedriver (error sending request for url (https://googlechromelabs.github.io/chrome-for-testing/known-good-versions-with-downloads.json)); using driver found in the cache
2025-05-25 16:58:20::INFO::******************Test_02_Create_New_Patient_Started*********************
2025-05-25 16:58:27::INFO::***********Login completed *************
2025-05-25 16:58:27::INFO::***********starting add customer test *************
2025-05-25 17:00:21::INFO::******************Test_02_Create_New_Patient_Started*********************
2025-05-25 17:00:57::INFO::***********Login completed *************
2025-05-25 17:00:57::INFO::***********starting add customer test *************
2025-05-25 17:01:35::INFO::***************test valid smartcare login started*******************
2025-05-25 17:04:25::INFO::******************Test_02_Create_New_Patient_Started*********************
2025-05-25 17:04:32::INFO::***********Login completed *************
2025-05-25 17:04:32::INFO::***********starting add customer test *************
2025-05-25 17:05:08::INFO::***************test valid smartcare login started*******************
2025-05-25 17:05:17::INFO::**************test verification title matched********************
2025-05-26 11:05:08::INFO::******************Test_02_Create_New_Patient_Started*********************
2025-05-26 11:05:15::INFO::***********Login completed *************
2025-05-26 11:05:15::INFO::***********starting add customer test *************
2025-05-26 11:06:50::INFO::******************Test_02_Create_New_Patient_Started*********************
2025-05-26 11:06:57::INFO::***********Login completed *************
2025-05-26 11:06:57::INFO::***********starting add customer test *************
2025-05-26 11:07:34::INFO::***************test valid smartcare login started*******************
2025-05-26 11:07:40::INFO::**************test verification title matched********************
2025-05-26 11:08:14::INFO::******************Test_02_Create_New_Patient_Started*********************
2025-05-26 11:09:36::INFO::******************Test_02_Create_New_Patient_Started*********************
2025-05-26 11:09:44::INFO::***********Login completed *************
2025-05-26 11:09:44::INFO::***********starting add customer test *************
2025-05-26 11:10:20::INFO::***************test valid smartcare login started*******************
2025-05-26 11:10:28::INFO::**************test verification title matched********************
2025-05-26 11:11:58::INFO::******************Test_02_Create_New_Patient_Started*********************
2025-05-26 11:12:05::INFO::***********Login completed *************
2025-05-26 11:12:05::INFO::***********starting add customer test *************
2025-05-26 11:12:42::INFO::***************test valid smartcare login started*******************
2025-05-26 11:12:49::INFO::**************test verification title matched********************
2025-05-26 12:09:43::INFO::******************Test_02_Create_New_Patient_Started*********************
2025-05-26 12:09:51::INFO::***********Login completed *************
2025-05-26 12:09:51::INFO::***********starting add customer test *************
2025-05-26 12:10:44::INFO::***************test valid smartcare login started*******************
2025-05-26 12:10:49::INFO::**************test verification title matched********************
2025-05-26 12:28:11::INFO::******************Test_02_Create_New_Patient_Started*********************
2025-05-26 12:28:18::INFO::***********Login completed *************
2025-05-26 12:28:18::INFO::***********starting add customer test *************
2025-05-26 12:29:11::INFO::***************test valid smartcare login started*******************
2025-05-26 12:29:18::INFO::**************test verification title matched********************
2025-05-26 13:13:28::INFO::******************Test_02_Create_New_Patient_Started*********************
2025-05-26 13:13:37::INFO::***********Login completed *************
2025-05-26 13:13:37::INFO::***********starting add customer test *************
2025-05-26 13:14:20::INFO::***************test valid smartcare login started*******************
2025-05-26 13:14:31::INFO::**************test verification title matched********************
2025-05-26 13:15:17::INFO::******************Test_02_Create_New_Patient_Started*********************
2025-05-26 13:15:21::INFO::***********Login completed *************
2025-05-26 13:15:21::INFO::***********starting add customer test *************
2025-05-26 13:16:03::INFO::***************test valid smartcare login started*******************
2025-05-26 13:16:12::INFO::**************test verification title matched********************
2025-05-26 13:48:54::INFO::******************Test_02_Create_New_Patient_Started*********************
2025-05-26 13:49:00::INFO::***********Login completed *************
2025-05-26 13:49:00::INFO::***********starting add customer test *************
2025-05-26 13:49:42::INFO::***************test valid smartcare login started*******************
2025-05-26 13:49:46::INFO::**************test verification title matched********************
2025-05-26 15:44:40::INFO::******************Test_02_Create_New_Patient_Started*********************
2025-05-26 15:44:46::INFO::***********Login completed *************
2025-05-26 15:44:46::INFO::***********starting add customer test *************
2025-05-26 15:45:29::INFO::***************test valid smartcare login started*******************
2025-05-26 15:49:49::INFO::******************Test_02_Create_New_Patient_Started*********************
2025-05-26 15:51:03::INFO::******************Test_02_Create_New_Patient_Started*********************
2025-05-26 15:51:12::INFO::***********Login completed *************
2025-05-26 15:51:12::INFO::***********starting add customer test *************
2025-05-26 15:51:58::INFO::***************test valid smartcare login started*******************
2025-05-26 15:53:08::INFO::******************Test_02_Create_New_Patient_Started*********************
2025-05-26 15:53:15::INFO::***********Login completed *************
2025-05-26 15:53:15::INFO::***********starting add customer test *************
2025-05-26 15:53:59::INFO::***************test valid smartcare login started*******************
2025-05-26 15:54:06::INFO::**************test verification title matched********************
2025-05-26 15:54:45::INFO::******************Test_02_Create_New_Patient_Started*********************
2025-05-26 15:54:51::INFO::***********Login completed *************
2025-05-26 15:54:51::INFO::***********starting add customer test *************
2025-05-26 15:55:40::INFO::***************test valid smartcare login started*******************
2025-05-26 15:55:50::INFO::**************test verification title matched********************
2025-05-26 15:59:09::INFO::******************Test_02_Create_New_Patient_Started*********************
2025-05-26 15:59:24::INFO::***********Login completed *************
2025-05-26 15:59:24::INFO::***********starting add customer test *************
2025-05-26 16:00:02::INFO::***************test valid smartcare login started*******************
2025-05-26 16:00:22::INFO::**************test verification title matched********************
2025-05-26 16:17:04::INFO::******************Test_02_Create_New_Patient_Started*********************
2025-05-26 16:17:25::INFO::***********Login completed *************
2025-05-26 16:17:25::INFO::***********starting add customer test *************
2025-05-26 16:17:55::INFO::***************test valid smartcare login started*******************
2025-05-26 16:18:14::INFO::**************test verification title matched********************
2025-05-26 16:20:57::INFO::******************Test_02_Create_New_Patient_Started*********************
2025-05-26 16:21:16::INFO::***********Login completed *************
2025-05-26 16:21:16::INFO::***********starting add customer test *************
2025-05-26 16:22:03::INFO::***************test valid smartcare login started*******************
2025-05-26 16:22:18::INFO::**************test verification title matched********************
2025-05-26 16:23:23::INFO::******************Test_02_Create_New_Patient_Started*********************
2025-05-26 16:23:38::INFO::***********Login completed *************
2025-05-26 16:23:38::INFO::***********starting add customer test *************
2025-05-26 16:24:25::INFO::***************test valid smartcare login started*******************
2025-05-26 16:24:41::INFO::**************test verification title matched********************
2025-05-26 16:26:17::INFO::******************Test_02_Create_New_Patient_Started*********************
2025-05-26 16:26:32::INFO::***********Login completed *************
2025-05-26 16:26:32::INFO::***********starting add customer test *************
2025-05-26 16:27:20::INFO::***************test valid smartcare login started*******************
2025-05-26 16:27:35::INFO::**************test verification title matched********************
2025-05-26 16:29:21::INFO::******************Test_02_Create_New_Patient_Started*********************
2025-05-26 16:29:39::INFO::***********Login completed *************
2025-05-26 16:29:39::INFO::***********starting add customer test *************
2025-05-26 16:30:27::INFO::***************test valid smartcare login started*******************
2025-05-26 16:30:43::INFO::**************test verification title matched********************
2025-05-27 13:07:00::INFO::******************Test_02_Create_New_Patient_Started*********************
2025-05-27 13:07:15::INFO::***********Login completed *************
2025-05-27 13:07:15::INFO::***********starting add customer test *************
2025-05-27 13:08:03::INFO::***************test valid smartcare login started*******************
2025-05-27 13:08:18::INFO::**************test verification title matched********************
2025-05-27 13:12:32::INFO::******************Test_02_Create_New_Patient_Started*********************
2025-05-27 13:12:46::INFO::***********Login completed *************
2025-05-27 13:12:46::INFO::***********starting add customer test *************
2025-05-27 13:15:22::INFO::******************Test_02_Create_New_Patient_Started*********************
2025-05-27 13:15:36::INFO::***********Login completed *************
2025-05-27 13:15:36::INFO::***********starting add customer test *************
2025-05-27 13:16:21::INFO::***************test valid smartcare login started*******************
2025-05-27 13:16:36::INFO::**************test verification title matched********************
2025-05-27 13:18:00::INFO::******************Test_02_Create_New_Patient_Started*********************
2025-05-27 13:18:14::INFO::***********Login completed *************
2025-05-27 13:18:14::INFO::***********starting add customer test *************
2025-05-27 13:22:15::INFO::******************Test_02_Create_New_Patient_Started*********************
2025-05-27 13:22:29::INFO::***********Login completed *************
2025-05-27 13:22:29::INFO::***********starting add customer test *************
2025-05-27 13:23:15::INFO::***************test valid smartcare login started*******************
2025-05-27 13:23:35::INFO::**************test verification title matched********************
2025-05-29 12:02:15::INFO::******************Test_02_Create_New_Patient_Started*********************
2025-05-29 12:02:32::INFO::***********Login completed *************
2025-05-29 12:02:32::INFO::***********starting add customer test *************
2025-05-29 12:03:30::INFO::***************test valid smartcare login started*******************
2025-05-29 12:04:01::INFO::**************test verification title matched********************
2025-05-29 12:04:35::INFO::******************Test_02_Create_New_Patient_Started*********************
2025-05-29 12:04:53::INFO::***********Login completed *************
2025-05-29 12:04:53::INFO::***********starting add customer test *************
2025-05-29 12:05:40::INFO::***************test valid smartcare login started*******************
2025-05-29 12:05:58::INFO::**************test verification title matched********************
2025-05-29 13:57:45::INFO::******************Test_02_Create_New_Patient_Started*********************
2025-05-29 13:58:04::INFO::***********Login completed *************
2025-05-29 13:58:04::INFO::***********starting add customer test *************
2025-05-29 13:58:52::INFO::***************test valid smartcare login started*******************
2025-05-29 13:59:08::INFO::**************test verification title matched********************
2025-05-30 11:26:48::INFO::******************Test_02_Create_New_Patient_Started*********************
2025-05-30 11:27:03::INFO::***********Login completed *************
2025-05-30 11:27:03::INFO::***********starting add customer test *************
2025-05-30 11:27:58::INFO::***************test valid smartcare login started*******************
2025-05-30 11:28:15::INFO::**************test verification title matched********************
2025-05-30 11:32:26::INFO::******************Test_02_Create_New_Patient_Started*********************
2025-05-30 11:35:05::INFO::******************Test_02_Create_New_Patient_Started*********************
2025-05-30 11:35:20::INFO::***********Login completed *************
2025-05-30 11:35:20::INFO::***********starting add customer test *************
2025-05-30 11:36:15::INFO::***************test valid smartcare login started*******************
2025-05-30 11:36:33::INFO::**************test verification title matched********************
2025-05-30 11:42:55::INFO::******************Test_02_Create_New_Patient_Started*********************
2025-05-30 11:43:11::INFO::***********Login completed *************
2025-05-30 11:43:11::INFO::***********starting add customer test *************
2025-05-30 11:43:58::INFO::***************test valid smartcare login started*******************
2025-05-30 11:44:14::INFO::**************test verification title matched********************
2025-05-30 15:14:11::INFO::******************Test_03_Appointment_Booking_Started*********************
2025-05-30 15:14:38::INFO::***********Login completed *************
2025-05-30 15:14:38::INFO::***********Starting Appointment Booking*************
2025-05-30 15:15:48::INFO::******************Test_03_Appointment_Booking_Started*********************
2025-05-30 15:16:06::INFO::***********Login completed *************
2025-05-30 15:16:06::INFO::***********Starting Appointment Booking*************
2025-05-30 15:27:18::INFO::******************Test_03_Appointment_Booking_Started*********************
2025-05-30 15:27:35::INFO::***********Login completed *************
2025-05-30 15:27:35::INFO::***********Starting Appointment Booking*************
2025-05-30 15:57:03::INFO::******************Test_03_Appointment_Booking_Started*********************
2025-05-30 15:57:22::INFO::***********Login completed *************
2025-05-30 15:57:22::INFO::***********Starting Appointment Booking*************
2025-05-30 15:58:25::INFO::******************Test_03_Appointment_Booking_Started*********************
2025-05-30 15:58:42::INFO::***********Login completed *************
2025-05-30 15:58:42::INFO::***********Starting Appointment Booking*************
2025-05-30 16:07:15::INFO::******************Test_03_Appointment_Booking_Started*********************
2025-05-30 16:07:30::INFO::***********Login completed *************
2025-05-30 16:07:30::INFO::***********Starting Appointment Booking*************
2025-05-30 16:10:22::INFO::******************Test_03_Appointment_Booking_Started*********************
2025-05-30 16:10:39::INFO::***********Login completed *************
2025-05-30 16:10:39::INFO::***********Starting Appointment Booking*************
2025-05-30 16:12:17::INFO::******************Test_03_Appointment_Booking_Started*********************
2025-05-30 16:12:33::INFO::***********Login completed *************
2025-05-30 16:12:33::INFO::***********Starting Appointment Booking*************
2025-05-30 16:18:45::INFO::******************Test_03_Appointment_Booking_Started*********************
2025-05-30 16:19:01::INFO::***********Login completed *************
2025-05-30 16:19:01::INFO::***********Starting Appointment Booking*************
2025-05-30 16:20:02::INFO::******************Test_03_Appointment_Booking_Started*********************
2025-05-30 16:20:42::INFO::***********Login completed *************
2025-05-30 16:20:42::INFO::***********Starting Appointment Booking*************
2025-05-30 16:30:14::INFO::******************Test_03_Appointment_Booking_Started*********************
2025-05-30 16:30:33::INFO::***********Login completed *************
2025-05-30 16:30:33::INFO::***********Starting Appointment Booking*************
2025-05-30 16:40:12::INFO::******************Test_03_Appointment_Booking_Started*********************
2025-05-30 16:40:34::INFO::******************Test_03_Appointment_Booking_Started*********************
2025-05-30 16:40:51::INFO::***********Login completed *************
2025-05-30 16:40:51::INFO::***********Starting Appointment Booking*************
2025-05-30 16:42:54::INFO::******************Test_03_Appointment_Booking_Started*********************
2025-05-30 16:43:10::INFO::***********Login completed *************
2025-05-30 16:43:10::INFO::***********Starting Appointment Booking*************
2025-05-30 16:43:55::INFO::******************Test_03_Appointment_Booking_Started*********************
2025-05-30 16:44:11::INFO::***********Login completed *************
2025-05-30 16:44:11::INFO::***********Starting Appointment Booking*************
2025-05-30 16:45:01::INFO::******************Test_03_Appointment_Booking_Started*********************
2025-05-30 16:45:18::INFO::***********Login completed *************
2025-05-30 16:45:18::INFO::***********Starting Appointment Booking*************
2025-05-30 16:46:48::INFO::******************Test_03_Appointment_Booking_Started*********************
2025-05-30 16:47:05::INFO::***********Login completed *************
2025-05-30 16:47:05::INFO::***********Starting Appointment Booking*************
2025-05-30 16:50:16::INFO::******************Test_03_Appointment_Booking_Started*********************
2025-05-30 16:50:33::INFO::***********Login completed *************
2025-05-30 16:50:33::INFO::***********Starting Appointment Booking*************
2025-06-03 12:08:16::INFO::******************Test_03_Appointment_Booking_Started*********************
2025-06-03 12:08:32::INFO::***********Login completed *************
2025-06-03 12:08:32::INFO::***********Starting Appointment Booking*************
2025-06-03 12:11:36::INFO::******************Test_03_Appointment_Booking_Started*********************
2025-06-03 12:11:53::INFO::***********Login completed *************
2025-06-03 12:11:53::INFO::***********Starting Appointment Booking*************
2025-06-03 12:12:43::INFO::******************Test_03_Appointment_Booking_Started*********************
2025-06-03 12:12:59::INFO::***********Login completed *************
2025-06-03 12:12:59::INFO::***********Starting Appointment Booking*************
2025-06-03 12:14:16::INFO::******************Test_02_Create_New_Patient_Started*********************
2025-06-03 12:14:33::INFO::***********Login completed *************
2025-06-03 12:14:33::INFO::***********starting add customer test *************
2025-06-03 12:15:21::INFO::***************test valid smartcare login started*******************
2025-06-03 12:15:38::INFO::**************test verification title matched********************
2025-06-03 12:16:49::INFO::******************Test_03_Appointment_Booking_Started*********************
2025-06-03 12:17:05::INFO::***********Login completed *************
2025-06-03 12:17:05::INFO::***********Starting Appointment Booking*************
2025-06-03 12:18:51::INFO::******************Test_02_Create_New_Patient_Started*********************
2025-06-03 12:19:08::INFO::***********Login completed *************
2025-06-03 12:19:08::INFO::***********starting add customer test *************
2025-06-03 12:19:55::INFO::***************test valid smartcare login started*******************
2025-06-03 12:20:12::INFO::**************test verification title matched********************
2025-06-03 12:20:32::INFO::******************Test_03_Appointment_Booking_Started*********************
2025-06-03 12:20:47::INFO::***********Login completed *************
2025-06-03 12:20:47::INFO::***********Starting Appointment Booking*************
2025-06-03 12:22:19::INFO::******************Test_03_Appointment_Booking_Started*********************
2025-06-03 12:22:36::INFO::***********Login completed *************
2025-06-03 12:22:36::INFO::***********Starting Appointment Booking*************
2025-06-03 12:24:01::INFO::******************Test_02_Create_New_Patient_Started*********************
2025-06-03 12:24:19::INFO::***********Login completed *************
2025-06-03 12:24:19::INFO::***********starting add customer test *************
2025-06-03 12:25:08::INFO::***************test valid smartcare login started*******************
2025-06-03 12:25:24::INFO::**************test verification title matched********************
2025-06-03 17:28:51::INFO::******************Test_03_Appointment_Booking_Started*********************
2025-06-03 17:29:07::INFO::***********Login completed *************
2025-06-03 17:29:07::INFO::***********Starting Appointment Booking*************
2025-06-03 17:30:33::INFO::******************Test_02_Create_New_Patient_Started*********************
2025-06-03 17:30:48::INFO::***********Login completed *************
2025-06-03 17:30:48::INFO::***********starting add customer test *************
2025-06-03 17:31:36::INFO::***************test valid smartcare login started*******************
2025-06-03 17:31:51::INFO::**************test verification title matched********************
2025-06-04 11:36:37::INFO::******************Test_03_Appointment_Booking_Started*********************
2025-06-04 11:36:51::INFO::***********Login completed *************
2025-06-04 11:36:51::INFO::***********Starting Appointment Booking*************
2025-06-04 11:49:34::INFO::******************Test_03_Appointment_Booking_Started*********************
2025-06-04 11:49:48::INFO::***********Login completed *************
2025-06-04 11:49:48::INFO::***********Starting Appointment Booking*************
2025-06-04 11:56:45::INFO::******************Test_03_Appointment_Booking_Started*********************
2025-06-04 11:57:00::INFO::***********Login completed *************
2025-06-04 11:57:00::INFO::***********Starting Appointment Booking*************
2025-06-04 12:01:16::INFO::******************Test_03_Appointment_Booking_Started*********************
2025-06-04 12:01:31::INFO::***********Login completed *************
2025-06-04 12:01:31::INFO::***********Starting Appointment Booking*************
2025-06-04 12:02:47::INFO::******************Test_02_Create_New_Patient_Started*********************
2025-06-04 12:03:01::INFO::***********Login completed *************
2025-06-04 12:03:01::INFO::***********starting add customer test *************
2025-06-04 12:03:49::INFO::***************test valid smartcare login started*******************
2025-06-04 12:04:04::INFO::**************test verification title matched********************
2025-06-04 12:19:35::INFO::******************Test_03_Appointment_Booking_Started*********************
2025-06-04 12:20:01::INFO::***********Login completed *************
2025-06-04 12:20:01::INFO::***********Starting Appointment Booking*************
2025-06-04 12:21:35::INFO::******************Test_02_Create_New_Patient_Started*********************
2025-06-04 12:21:49::INFO::***********Login completed *************
2025-06-04 12:21:49::INFO::***********starting add customer test *************
2025-06-04 12:22:37::INFO::***************test valid smartcare login started*******************
2025-06-04 12:22:51::INFO::**************test verification title matched********************
2025-06-04 12:23:39::INFO::******************Test_03_Appointment_Booking_Started*********************
2025-06-04 12:23:53::INFO::***********Login completed *************
2025-06-04 12:23:53::INFO::***********Starting Appointment Booking*************
2025-06-04 12:25:16::INFO::******************Test_02_Create_New_Patient_Started*********************
2025-06-04 12:25:29::INFO::***********Login completed *************
2025-06-04 12:25:29::INFO::***********starting add customer test *************
2025-06-04 12:26:17::INFO::***************test valid smartcare login started*******************
2025-06-04 12:26:31::INFO::**************test verification title matched********************
2025-06-04 12:31:39::INFO::******************Test_03_Appointment_Booking_Started*********************
2025-06-04 12:31:54::INFO::***********Login completed *************
2025-06-04 12:31:54::INFO::***********Starting Appointment Booking*************
2025-06-04 12:33:27::INFO::******************Test_02_Create_New_Patient_Started*********************
2025-06-04 12:33:45::INFO::***********Login completed *************
2025-06-04 12:33:45::INFO::***********starting add customer test *************
2025-06-04 12:34:33::INFO::***************test valid smartcare login started*******************
2025-06-04 12:34:48::INFO::**************test verification title matched********************
2025-06-04 15:08:50::INFO::******************Test_03_Appointment_Booking_Started*********************
2025-06-04 15:09:04::INFO::***********Login completed *************
2025-06-04 15:09:04::INFO::***********Starting Appointment Booking*************
2025-06-04 15:10:46::INFO::******************Test_02_Create_New_Patient_Started*********************
2025-06-04 15:11:00::INFO::***********Login completed *************
2025-06-04 15:11:00::INFO::***********starting add customer test *************
2025-06-04 15:11:45::INFO::***************test valid smartcare login started*******************
2025-06-04 15:11:59::INFO::**************test verification title matched********************
2025-06-04 15:14:55::INFO::******************Test_03_Appointment_Booking_Started*********************
2025-06-04 15:15:08::INFO::***********Login completed *************
2025-06-04 15:15:08::INFO::***********Starting Appointment Booking*************
2025-06-04 15:16:44::INFO::******************Test_02_Create_New_Patient_Started*********************
2025-06-04 15:16:57::INFO::***********Login completed *************
2025-06-04 15:16:57::INFO::***********starting add customer test *************
2025-06-04 15:17:42::INFO::***************test valid smartcare login started*******************
2025-06-04 15:17:56::INFO::**************test verification title matched********************
2025-06-04 15:19:53::INFO::******************Test_03_Appointment_Booking_Started*********************
2025-06-04 15:20:07::INFO::***********Login completed *************
2025-06-04 15:20:07::INFO::***********Starting Appointment Booking*************
2025-06-04 15:21:28::INFO::******************Test_02_Create_New_Patient_Started*********************
2025-06-04 15:21:41::INFO::***********Login completed *************
2025-06-04 15:21:41::INFO::***********starting add customer test *************
2025-06-04 15:22:27::INFO::***************test valid smartcare login started*******************
2025-06-04 15:22:40::INFO::**************test verification title matched********************
2025-06-05 10:34:35::INFO::******************Test_03_Appointment_Booking_Started*********************
2025-06-05 10:34:50::INFO::***********Login completed *************
2025-06-05 10:34:50::INFO::***********Starting Appointment Booking*************
2025-06-05 10:36:10::INFO::******************Test_02_Create_New_Patient_Started*********************
2025-06-05 10:36:25::INFO::***********Login completed *************
2025-06-05 10:36:25::INFO::***********starting add customer test *************
2025-06-05 10:37:13::INFO::***************test valid smartcare login started*******************
2025-06-05 10:37:28::INFO::**************test verification title matched********************
2025-06-05 15:36:18::INFO::******************Test_03_Appointment_Booking_Started*********************
2025-06-05 15:36:32::INFO::***********Login completed *************
2025-06-05 15:36:32::INFO::***********Starting Appointment Booking*************
2025-06-05 15:38:19::INFO::******************Test_03_Appointment_Booking_Started*********************
2025-06-05 15:38:32::INFO::***********Login completed *************
2025-06-05 15:38:32::INFO::***********Starting Appointment Booking*************
2025-06-06 13:37:33::INFO::******************Test_03_Appointment_Booking_Started*********************
2025-06-06 13:37:48::INFO::***********Login completed *************
2025-06-06 13:37:48::INFO::***********Starting Appointment Booking*************
2025-06-06 13:40:02::INFO::******************Test_03_Appointment_Booking_Started*********************
2025-06-06 13:40:16::INFO::***********Login completed *************
2025-06-06 13:40:16::INFO::***********Starting Appointment Booking*************
2025-06-06 13:42:32::INFO::******************Test_03_Appointment_Booking_Started*********************
2025-06-06 13:42:45::INFO::***********Login completed *************
2025-06-06 13:42:45::INFO::***********Starting Appointment Booking*************
2025-06-06 13:50:56::INFO::******************Test_03_Appointment_Booking_Started*********************
2025-06-06 13:51:09::INFO::***********Login completed *************
2025-06-06 13:51:09::INFO::***********Starting Appointment Booking*************
2025-06-06 13:53:24::INFO::******************Test_03_Appointment_Booking_Started*********************
2025-06-06 13:53:38::INFO::***********Login completed *************
2025-06-06 13:53:38::INFO::***********Starting Appointment Booking*************
2025-06-06 15:32:01::WARNING::There was an error managing chromedriver (error sending request for url (https://googlechromelabs.github.io/chrome-for-testing/known-good-versions-with-downloads.json)); using driver found in the cache
2025-06-06 15:32:01::WARNING::Error sending stats to Plausible: error sending request for url (https://plausible.io/api/event)
2025-06-06 15:32:05::INFO::******************Test_03_Appointment_Booking_Started*********************
2025-06-06 15:40:24::INFO::******************Test_03_Appointment_Booking_Started*********************
2025-06-06 15:40:39::INFO::***********Login completed *************
2025-06-06 15:40:39::INFO::***********Starting Appointment Booking*************
2025-06-06 15:44:19::INFO::******************Test_03_Appointment_Booking_Started*********************
2025-06-06 15:44:34::INFO::***********Login completed *************
2025-06-06 15:44:34::INFO::***********Starting Appointment Booking*************
2025-06-06 16:06:24::INFO::******************Test_03_Appointment_Booking_Started*********************
2025-06-06 16:06:39::INFO::***********Login completed *************
2025-06-06 16:06:39::INFO::***********Starting Appointment Booking*************
2025-06-06 16:08:59::INFO::******************Test_03_Appointment_Booking_Started*********************
2025-06-06 16:09:18::INFO::***********Login completed *************
2025-06-06 16:09:18::INFO::***********Starting Appointment Booking*************
2025-06-06 16:12:37::INFO::******************Test_03_Appointment_Booking_Started*********************
2025-06-06 16:12:51::INFO::***********Login completed *************
2025-06-06 16:12:51::INFO::***********Starting Appointment Booking*************
2025-06-06 16:21:36::INFO::******************Test_03_Appointment_Booking_Started*********************
2025-06-06 16:21:51::INFO::***********Login completed *************
2025-06-06 16:21:51::INFO::***********Starting Appointment Booking*************
2025-06-06 16:23:17::INFO::******************Test_02_Create_New_Patient_Started*********************
2025-06-06 16:25:56::INFO::******************Test_03_Appointment_Booking_Started*********************
2025-06-06 16:26:11::INFO::***********Login completed *************
2025-06-06 16:26:11::INFO::***********Starting Appointment Booking*************
